<?xml version="1.0" encoding="UTF-8"?>
<testng-results ignored="0" total="1" passed="1" failed="0" skipped="0">
  <reporter-output>
    <line>
      <![CDATA[Campaign is created]]>
    </line>
    <line>
      <![CDATA[Campaign is edited]]>
    </line>
    <line>
      <![CDATA[Campaign is deleted]]>
    </line>
  </reporter-output>
  <suite started-at="2023-02-06T21:41:52 IST" name="Default suite" finished-at="2023-02-06T21:42:31 IST" duration-ms="39072">
    <groups>
    </groups>
    <test started-at="2023-02-06T21:41:52 IST" name="Default test" finished-at="2023-02-06T21:42:31 IST" duration-ms="39072">
      <class name="com.crm.createCampaigns.CreateCampaignTest">
        <test-method is-config="true" signature="dbConfig()[pri:0, instance:com.crm.createCampaigns.CreateCampaignTest@25fb8912]" started-at="2023-02-06T21:41:52 IST" name="dbConfig" finished-at="2023-02-06T21:41:52 IST" duration-ms="6" status="PASS">
          <reporter-output>
          </reporter-output>
        </test-method> <!-- dbConfig -->
        <test-method is-config="true" signature="launchTheBrowser()[pri:0, instance:com.crm.createCampaigns.CreateCampaignTest@25fb8912]" started-at="2023-02-06T21:41:52 IST" name="launchTheBrowser" finished-at="2023-02-06T21:41:58 IST" duration-ms="5749" status="PASS">
          <reporter-output>
          </reporter-output>
        </test-method> <!-- launchTheBrowser -->
        <test-method is-config="true" signature="loginToAppln()[pri:0, instance:com.crm.createCampaigns.CreateCampaignTest@25fb8912]" started-at="2023-02-06T21:41:58 IST" name="loginToAppln" finished-at="2023-02-06T21:42:08 IST" duration-ms="10429" status="PASS">
          <reporter-output>
          </reporter-output>
        </test-method> <!-- loginToAppln -->
        <test-method signature="createCampaignTest()[pri:0, instance:com.crm.createCampaigns.CreateCampaignTest@25fb8912]" started-at="2023-02-06T21:42:08 IST" name="createCampaignTest" finished-at="2023-02-06T21:42:29 IST" duration-ms="20657" status="PASS">
          <reporter-output>
            <line>
              <![CDATA[Campaign is created]]>
            </line>
            <line>
              <![CDATA[Campaign is edited]]>
            </line>
            <line>
              <![CDATA[Campaign is deleted]]>
            </line>
          </reporter-output>
        </test-method> <!-- createCampaignTest -->
        <test-method is-config="true" signature="logoutFromAppln()[pri:0, instance:com.crm.createCampaigns.CreateCampaignTest@25fb8912]" started-at="2023-02-06T21:42:29 IST" name="logoutFromAppln" finished-at="2023-02-06T21:42:31 IST" duration-ms="1979" status="PASS">
          <reporter-output>
          </reporter-output>
        </test-method> <!-- logoutFromAppln -->
        <test-method is-config="true" signature="closeTheBrowser()[pri:0, instance:com.crm.createCampaigns.CreateCampaignTest@25fb8912]" started-at="2023-02-06T21:42:31 IST" name="closeTheBrowser" finished-at="2023-02-06T21:42:31 IST" duration-ms="213" status="PASS">
          <reporter-output>
          </reporter-output>
        </test-method> <!-- closeTheBrowser -->
        <test-method is-config="true" signature="closeDBconfig()[pri:0, instance:com.crm.createCampaigns.CreateCampaignTest@25fb8912]" started-at="2023-02-06T21:42:31 IST" name="closeDBconfig" finished-at="2023-02-06T21:42:31 IST" duration-ms="1" status="PASS">
          <reporter-output>
          </reporter-output>
        </test-method> <!-- closeDBconfig -->
      </class> <!-- com.crm.createCampaigns.CreateCampaignTest -->
    </test> <!-- Default test -->
  </suite> <!-- Default suite -->
</testng-results>
